0 info it worked if it ends with ok
1 verbose cli [ 'C:\\Program Files\\nodejs\\node.exe',
1 verbose cli   'C:\\Program Files\\nodejs\\node_modules\\npm\\bin\\npm-cli.js',
1 verbose cli   'run',
1 verbose cli   'build' ]
2 info using npm@3.10.10
3 info using node@v6.17.1
4 verbose run-script [ 'prebuild', 'build', 'postbuild' ]
5 info lifecycle backend@1.0.0~prebuild: backend@1.0.0
6 silly lifecycle backend@1.0.0~prebuild: no script for prebuild, continuing
7 info lifecycle backend@1.0.0~build: backend@1.0.0
8 verbose lifecycle backend@1.0.0~build: unsafe-perm in lifecycle true
9 verbose lifecycle backend@1.0.0~build: PATH: C:\Users\renat\AppData\Roaming\nvm\v6.17.1\node_modules\npm\bin\node-gyp-bin;D:\Vuejs\Projetos GitHub\feedbacker\backend\node_modules\.bin;C:\Users\renat\bin;C:\Program Files\Git\mingw64\bin;C:\Program Files\Git\usr\local\bin;C:\Program Files\Git\usr\bin;C:\Program Files\Git\usr\bin;C:\Program Files\Git\mingw64\bin;C:\Program Files\Git\usr\bin;C:\Users\renat\bin;C:\WINDOWS\system32;C:\WINDOWS;C:\WINDOWS\System32\Wbem;C:\WINDOWS\System32\WindowsPowerShell\v1.0;C:\WINDOWS\System32\OpenSSH;C:\Users\renat\AppData\Roaming\nvm;C:\Program Files\nodejs;C:\Program Files\Git\cmd;C:\Program Files\nodejs;C:\Program Files\dotnet;C:\Program Files\Microsoft SQL Server\130\Tools\Binn;C:\Program Files\Microsoft SQL Server\Client SDK\ODBC\170\Tools\Binn;C:\Program Files\Docker\Docker\resources\bin;C:\Users\renat\AppData\Local\Microsoft\WindowsApps;C:\Users\renat\AppData\Roaming\nvm;C:\Program Files\nodejs;C:\Users\renat\AppData\Roaming\npm;C:\Users\renat\.dotnet\tools;C:\Program Files\JetBrains\IntelliJ IDEA Community Edition 2021.2.3\bin;C:\Users\renat\AppData\Local\Programs\Microsoft VS Code\bin;C:\Program Files\Git\usr\bin\vendor_perl;C:\Program Files\Git\usr\bin\core_perl
10 verbose lifecycle backend@1.0.0~build: CWD: D:\Vuejs\Projetos GitHub\feedbacker\backend
11 silly lifecycle backend@1.0.0~build: Args: [ '/d /s /c', 'docker build -t vuejs-treinamento-backend .' ]
12 silly lifecycle backend@1.0.0~build: Returned: code: 1  signal: null
13 info lifecycle backend@1.0.0~build: Failed to exec build script
14 verbose stack Error: backend@1.0.0 build: `docker build -t vuejs-treinamento-backend .`
14 verbose stack Exit status 1
14 verbose stack     at EventEmitter.<anonymous> (C:\Users\renat\AppData\Roaming\nvm\v6.17.1\node_modules\npm\lib\utils\lifecycle.js:255:16)
14 verbose stack     at emitTwo (events.js:106:13)
14 verbose stack     at EventEmitter.emit (events.js:191:7)
14 verbose stack     at ChildProcess.<anonymous> (C:\Users\renat\AppData\Roaming\nvm\v6.17.1\node_modules\npm\lib\utils\spawn.js:40:14)
14 verbose stack     at emitTwo (events.js:106:13)
14 verbose stack     at ChildProcess.emit (events.js:191:7)
14 verbose stack     at maybeClose (internal/child_process.js:920:16)
14 verbose stack     at Process.ChildProcess._handle.onexit (internal/child_process.js:230:5)
15 verbose pkgid backend@1.0.0
16 verbose cwd D:\Vuejs\Projetos GitHub\feedbacker\backend
17 error Windows_NT 10.0.22621
18 error argv "C:\\Program Files\\nodejs\\node.exe" "C:\\Program Files\\nodejs\\node_modules\\npm\\bin\\npm-cli.js" "run" "build"
19 error node v6.17.1
20 error npm  v3.10.10
21 error code ELIFECYCLE
22 error backend@1.0.0 build: `docker build -t vuejs-treinamento-backend .`
22 error Exit status 1
23 error Failed at the backend@1.0.0 build script 'docker build -t vuejs-treinamento-backend .'.
23 error Make sure you have the latest version of node.js and npm installed.
23 error If you do, this is most likely a problem with the backend package,
23 error not with npm itself.
23 error Tell the author that this fails on your system:
23 error     docker build -t vuejs-treinamento-backend .
23 error You can get information on how to open an issue for this project with:
23 error     npm bugs backend
23 error Or if that isn't available, you can get their info via:
23 error     npm owner ls backend
23 error There is likely additional logging output above.
24 verbose exit [ 1, true ]
